000 (1233497.000.000) 10/24 08:23:33 Job submitted from host: <172.20.12.20:43212>
...
001 (1233497.000.000) 10/24 08:23:50 Job executing on host: <172.20.15.171:44015?noUDP>
...
006 (1233497.000.000) 10/24 08:23:58 Image size of job updated: 26420
	26  -  MemoryUsage of job (MB)
	26420  -  ResidentSetSize of job (KB)
...
006 (1233497.000.000) 10/24 08:28:58 Image size of job updated: 79459696
	77592  -  MemoryUsage of job (MB)
	79453676  -  ResidentSetSize of job (KB)
...
006 (1233497.000.000) 10/24 11:19:17 Image size of job updated: 84933272
	82937  -  MemoryUsage of job (MB)
	84927252  -  ResidentSetSize of job (KB)
...
006 (1233497.000.000) 10/24 11:24:18 Image size of job updated: 95648680
	93402  -  MemoryUsage of job (MB)
	95642660  -  ResidentSetSize of job (KB)
...
006 (1233497.000.000) 10/24 11:29:18 Image size of job updated: 99305388
	96973  -  MemoryUsage of job (MB)
	99299368  -  ResidentSetSize of job (KB)
...
006 (1233497.000.000) 10/24 11:44:19 Image size of job updated: 116026748
	113302  -  MemoryUsage of job (MB)
	116020728  -  ResidentSetSize of job (KB)
...
006 (1233497.000.000) 10/24 11:49:19 Image size of job updated: 119154960
	116357  -  MemoryUsage of job (MB)
	119148940  -  ResidentSetSize of job (KB)
...
006 (1233497.000.000) 10/24 12:04:21 Image size of job updated: 125775360
	122822  -  MemoryUsage of job (MB)
	125769340  -  ResidentSetSize of job (KB)
...
006 (1233497.000.000) 10/24 12:09:22 Image size of job updated: 132224316
	129120  -  MemoryUsage of job (MB)
	132218044  -  ResidentSetSize of job (KB)
...
006 (1233497.000.000) 10/24 12:14:23 Image size of job updated: 132395096
	129286  -  MemoryUsage of job (MB)
	132388824  -  ResidentSetSize of job (KB)
...
006 (1233497.000.000) 10/24 12:24:23 Image size of job updated: 139013612
	135749  -  MemoryUsage of job (MB)
	139006152  -  ResidentSetSize of job (KB)
...
006 (1233497.000.000) 10/24 12:29:24 Image size of job updated: 145634116
	142207  -  MemoryUsage of job (MB)
	145619696  -  ResidentSetSize of job (KB)
...
006 (1233497.000.000) 10/24 14:24:36 Image size of job updated: 149542992
	146023  -  MemoryUsage of job (MB)
	149526856  -  ResidentSetSize of job (KB)
...
006 (1233497.000.000) 10/24 14:54:38 Image size of job updated: 157351472
	153641  -  MemoryUsage of job (MB)
	157327536  -  ResidentSetSize of job (KB)
...
006 (1233497.000.000) 10/24 14:59:39 Image size of job updated: 159823652
	156055  -  MemoryUsage of job (MB)
	159799660  -  ResidentSetSize of job (KB)
...
006 (1233497.000.000) 10/24 15:19:42 Image size of job updated: 161272304
	157469  -  MemoryUsage of job (MB)
	161247532  -  ResidentSetSize of job (KB)
...
006 (1233497.000.000) 10/24 15:24:42 Image size of job updated: 170091236
	166041  -  MemoryUsage of job (MB)
	170025692  -  ResidentSetSize of job (KB)
...
006 (1233497.000.000) 10/24 15:44:44 Image size of job updated: 172519788
	168413  -  MemoryUsage of job (MB)
	172454624  -  ResidentSetSize of job (KB)
...
006 (1233497.000.000) 10/24 15:59:46 Image size of job updated: 176455104
	172256  -  MemoryUsage of job (MB)
	176389940  -  ResidentSetSize of job (KB)
...
006 (1233497.000.000) 10/24 16:24:48 Image size of job updated: 180362608
	176072  -  MemoryUsage of job (MB)
	180297444  -  ResidentSetSize of job (KB)
...
004 (1233497.000.000) 10/24 16:46:54 Job was evicted.
	(0) Job was not checkpointed.
		Usr 3 11:33:47, Sys 0 00:03:47  -  Run Remote Usage
		Usr 0 00:00:00, Sys 0 00:00:00  -  Run Local Usage
	0  -  Run Bytes Sent By Job
	0  -  Run Bytes Received By Job
	Partitionable Resources :    Usage  Request Allocated
	   Cpus                 :                10        10
	   Disk (KB)            :     1000    10486   1513945
	   Memory (MB)          :   176072   229376    229376
	   Multinode            :                           1
...
001 (1233497.000.000) 10/24 16:53:01 Job executing on host: <172.20.15.171:44015?noUDP>
...
004 (1233497.000.000) 10/24 17:08:53 Job was evicted.
	(0) Job was not checkpointed.
		Usr 0 02:25:41, Sys 0 00:01:28  -  Run Remote Usage
		Usr 0 00:00:00, Sys 0 00:00:00  -  Run Local Usage
	0  -  Run Bytes Sent By Job
	0  -  Run Bytes Received By Job
	Partitionable Resources :    Usage  Request Allocated
	   Cpus                 :                10        10
	   Disk (KB)            :     1000    10486   1513916
	   Memory (MB)          :   195313   229376    229376
	   Multinode            :                           1
...
001 (1233497.000.000) 10/24 17:09:24 Job executing on host: <172.20.15.171:44015?noUDP>
...
006 (1233497.000.000) 10/25 03:35:37 Image size of job updated: 203351700
	198579  -  MemoryUsage of job (MB)
	203343976  -  ResidentSetSize of job (KB)
...
006 (1233497.000.000) 10/25 03:45:37 Image size of job updated: 206481964
	201633  -  MemoryUsage of job (MB)
	206471656  -  ResidentSetSize of job (KB)
...
006 (1233497.000.000) 10/25 03:55:38 Image size of job updated: 211105836
	206148  -  MemoryUsage of job (MB)
	211094608  -  ResidentSetSize of job (KB)
...
006 (1233497.000.000) 10/25 04:25:42 Image size of job updated: 214255288
	209216  -  MemoryUsage of job (MB)
	214236380  -  ResidentSetSize of job (KB)
...
006 (1233497.000.000) 10/25 04:30:42 Image size of job updated: 217377020
	212256  -  MemoryUsage of job (MB)
	217349488  -  ResidentSetSize of job (KB)
...
005 (1233497.000.000) 10/25 12:02:37 Job terminated.
	(1) Normal termination (return value 0)
		Usr 5 21:21:42, Sys 0 00:05:39  -  Run Remote Usage
		Usr 0 00:00:00, Sys 0 00:00:00  -  Run Local Usage
		Usr 5 21:21:42, Sys 0 00:05:39  -  Total Remote Usage
		Usr 0 00:00:00, Sys 0 00:00:00  -  Total Local Usage
	0  -  Run Bytes Sent By Job
	0  -  Run Bytes Received By Job
	0  -  Total Bytes Sent By Job
	0  -  Total Bytes Received By Job
	Partitionable Resources :    Usage  Request Allocated
	   Cpus                 :                10        10
	   Disk (KB)            :     1000    10486   1513918
	   Memory (MB)          :   212256   229376    229376
	   Multinode            :                           1
...
