$completionDateTime
[1] "2016-10-31 15:26:34 PDT"

$executionTime
Time difference of 1.969989 hours

$sessionInfo
R version 3.3.1 (2016-06-21)
Platform: x86_64-redhat-linux-gnu (64-bit)
Running under: CentOS release 6.8 (Final)

locale:
 [1] LC_CTYPE=en_US.iso885915       LC_NUMERIC=C                  
 [3] LC_TIME=en_US.iso885915        LC_COLLATE=en_US.iso885915    
 [5] LC_MONETARY=en_US.iso885915    LC_MESSAGES=en_US.iso885915   
 [7] LC_PAPER=en_US.iso885915       LC_NAME=C                     
 [9] LC_ADDRESS=C                   LC_TELEPHONE=C                
[11] LC_MEASUREMENT=en_US.iso885915 LC_IDENTIFICATION=C           

attached base packages:
[1] methods   parallel  stats     graphics  grDevices utils     datasets 
[8] base     

other attached packages:
 [1] doParallel_1.0.10 iterators_1.0.8   foreach_1.4.3     xgboost_0.4-4    
 [5] caret_6.0-71      lattice_0.20-34   ggplot2_2.1.0     reshape2_1.4.1   
 [9] dplyr_0.5.0       plyr_1.8.4        rmarkdown_1.0     knitr_1.14       
[13] checkpoint_0.3.16

loaded via a namespace (and not attached):
 [1] Rcpp_0.12.7        compiler_3.3.1     formatR_1.4        nloptr_1.0.4      
 [5] tools_3.3.1        digest_0.6.10      lme4_1.1-12        evaluate_0.9      
 [9] tibble_1.2         gtable_0.2.0       nlme_3.1-128       mgcv_1.8-15       
[13] Matrix_1.2-7.1     DBI_0.5-1          SparseM_1.72       stringr_1.1.0     
[17] MatrixModels_0.4-1 stats4_3.3.1       grid_3.3.1         nnet_7.3-12       
[21] data.table_1.9.6   R6_2.1.3           minqa_1.2.4        car_2.1-3         
[25] magrittr_1.5       scales_0.4.0       codetools_0.2-14   htmltools_0.3.5   
[29] MASS_7.3-45        splines_3.3.1      assertthat_0.1     pbkrtest_0.4-6    
[33] colorspace_1.2-6   labeling_0.3       quantreg_5.29      stringi_1.1.1     
[37] lazyeval_0.2.0     munsell_0.4.3      chron_2.3-47      

